<?xml version="1.0" encoding="UTF-8"?>
<!-- Generated by org.testng.reporters.JUnitXMLReporter -->
<testsuite hostname="Prabu-Balamurugan" ignored="0" name="Sanity" tests="4" failures="3" timestamp="19 Jul 2021 07:39:19 GMT" time="21.249" errors="0">
  <testcase name="login" time="21.124" classname="com.test.LoginTest"/>
  <testcase name="loginCheck" time="0.002" classname="com.test.LoginTest">
    <failure type="java.lang.NullPointerException">
      <![CDATA[java.lang.NullPointerException
	at org.openqa.selenium.support.pagefactory.DefaultElementLocator.findElement(DefaultElementLocator.java:69)
	at org.openqa.selenium.support.pagefactory.internal.LocatingElementHandler.invoke(LocatingElementHandler.java:38)
	at com.sun.proxy.$Proxy7.click(Unknown Source)
	at com.pageobjects.LoginPage.LoginClick(LoginPage.java:40)
	at com.test.LoginTest.loginCheck(LoginTest.java:30)
... Removed 25 stack frames]]>
    </failure>
  </testcase> <!-- loginCheck -->
  <testcase name="passwordCheck" time="0.003" classname="com.test.LoginTest">
    <failure type="java.lang.NullPointerException">
      <![CDATA[java.lang.NullPointerException
	at org.openqa.selenium.support.pagefactory.DefaultElementLocator.findElement(DefaultElementLocator.java:69)
	at org.openqa.selenium.support.pagefactory.internal.LocatingElementHandler.invoke(LocatingElementHandler.java:38)
	at com.sun.proxy.$Proxy7.sendKeys(Unknown Source)
	at com.pageobjects.LoginPage.setPassword(LoginPage.java:35)
	at com.test.LoginTest.passwordCheck(LoginTest.java:25)
... Removed 25 stack frames]]>
    </failure>
  </testcase> <!-- passwordCheck -->
  <testcase name="usernameCheck" time="0.002" classname="com.test.LoginTest">
    <failure type="java.lang.NullPointerException">
      <![CDATA[java.lang.NullPointerException
	at org.openqa.selenium.support.pagefactory.DefaultElementLocator.findElement(DefaultElementLocator.java:69)
	at org.openqa.selenium.support.pagefactory.internal.LocatingElementHandler.invoke(LocatingElementHandler.java:38)
	at com.sun.proxy.$Proxy7.sendKeys(Unknown Source)
	at com.pageobjects.LoginPage.setUsername(LoginPage.java:30)
	at com.test.LoginTest.usernameCheck(LoginTest.java:20)
... Removed 25 stack frames]]>
    </failure>
  </testcase> <!-- usernameCheck -->
</testsuite> <!-- Sanity -->
